<?xml version="1.0" encoding="UTF-8"?>
<coverage generated="1594322750328" clover="3.2.0">
  <project timestamp="1594322750328" name="All files">
    <metrics statements="95" coveredstatements="82" conditionals="30" coveredconditionals="29" methods="42" coveredmethods="33" elements="167" coveredelements="144" complexity="0" loc="95" ncloc="95" packages="8" files="19" classes="19"/>
    <package name="src">
      <metrics statements="6" coveredstatements="0" conditionals="0" coveredconditionals="0" methods="3" coveredmethods="0"/>
      <file name="App.js" path="/Users/michaelsharpe/workspace/rune-mastery/src/App.js">
        <metrics statements="1" coveredstatements="0" conditionals="0" coveredconditionals="0" methods="1" coveredmethods="0"/>
        <line num="8" count="0" type="stmt"/>
      </file>
      <file name="api.js" path="/Users/michaelsharpe/workspace/rune-mastery/src/api.js">
        <metrics statements="4" coveredstatements="0" conditionals="0" coveredconditionals="0" methods="2" coveredmethods="0"/>
        <line num="3" count="0" type="stmt"/>
        <line num="5" count="0" type="stmt"/>
        <line num="8" count="0" type="stmt"/>
        <line num="13" count="0" type="stmt"/>
      </file>
      <file name="index.js" path="/Users/michaelsharpe/workspace/rune-mastery/src/index.js">
        <metrics statements="1" coveredstatements="0" conditionals="0" coveredconditionals="0" methods="0" coveredmethods="0"/>
        <line num="6" count="0" type="stmt"/>
      </file>
    </package>
    <package name="src.helpers">
      <metrics statements="6" coveredstatements="5" conditionals="0" coveredconditionals="0" methods="3" coveredmethods="2"/>
      <file name="normalizeData.js" path="/Users/michaelsharpe/workspace/rune-mastery/src/helpers/normalizeData.js">
        <metrics statements="6" coveredstatements="5" conditionals="0" coveredconditionals="0" methods="3" coveredmethods="2"/>
        <line num="5" count="2" type="stmt"/>
        <line num="6" count="1" type="stmt"/>
        <line num="9" count="2" type="stmt"/>
        <line num="10" count="1" type="stmt"/>
        <line num="13" count="2" type="stmt"/>
        <line num="14" count="0" type="stmt"/>
      </file>
    </package>
    <package name="src.screens.CalculatorScreen">
      <metrics statements="2" coveredstatements="0" conditionals="0" coveredconditionals="0" methods="1" coveredmethods="0"/>
      <file name="index.js" path="/Users/michaelsharpe/workspace/rune-mastery/src/screens/CalculatorScreen/index.js">
        <metrics statements="2" coveredstatements="0" conditionals="0" coveredconditionals="0" methods="1" coveredmethods="0"/>
        <line num="6" count="0" type="stmt"/>
        <line num="7" count="0" type="stmt"/>
      </file>
    </package>
    <package name="src.screens.CalculatorScreen.components">
      <metrics statements="15" coveredstatements="13" conditionals="2" coveredconditionals="2" methods="8" coveredmethods="6"/>
      <file name="TalentCounter.js" path="/Users/michaelsharpe/workspace/rune-mastery/src/screens/CalculatorScreen/components/TalentCounter.js">
        <metrics statements="4" coveredstatements="3" conditionals="0" coveredconditionals="0" methods="2" coveredmethods="1"/>
        <line num="8" count="1" type="stmt"/>
        <line num="9" count="2" type="stmt"/>
        <line num="20" count="1" type="stmt"/>
        <line num="21" count="0" type="stmt"/>
      </file>
      <file name="TalentTree.js" path="/Users/michaelsharpe/workspace/rune-mastery/src/screens/CalculatorScreen/components/TalentTree.js">
        <metrics statements="3" coveredstatements="3" conditionals="2" coveredconditionals="2" methods="2" coveredmethods="2"/>
        <line num="5" count="2" type="stmt"/>
        <line num="6" count="3" type="stmt"/>
        <line num="11" count="3" type="stmt"/>
      </file>
      <file name="TalentTreeGroup.js" path="/Users/michaelsharpe/workspace/rune-mastery/src/screens/CalculatorScreen/components/TalentTreeGroup.js">
        <metrics statements="8" coveredstatements="7" conditionals="0" coveredconditionals="0" methods="4" coveredmethods="3"/>
        <line num="16" count="1" type="stmt"/>
        <line num="22" count="2" type="stmt"/>
        <line num="23" count="2" type="stmt"/>
        <line num="26" count="2" type="stmt"/>
        <line num="27" count="2" type="stmt"/>
        <line num="36" count="1" type="stmt"/>
        <line num="37" count="0" type="stmt"/>
        <line num="46" count="1" type="stmt"/>
      </file>
    </package>
    <package name="src.screens.CalculatorScreen.components.Icon">
      <metrics statements="5" coveredstatements="5" conditionals="2" coveredconditionals="2" methods="1" coveredmethods="1"/>
      <file name="Icon.js" path="/Users/michaelsharpe/workspace/rune-mastery/src/screens/CalculatorScreen/components/Icon/Icon.js">
        <metrics statements="5" coveredstatements="5" conditionals="2" coveredconditionals="2" methods="1" coveredmethods="1"/>
        <line num="6" count="4" type="stmt"/>
        <line num="7" count="41" type="cond" truecount="2" falsecount="0"/>
        <line num="8" count="41" type="stmt"/>
        <line num="17" count="4" type="stmt"/>
        <line num="24" count="4" type="stmt"/>
      </file>
      <file name="index.js" path="/Users/michaelsharpe/workspace/rune-mastery/src/screens/CalculatorScreen/components/Icon/index.js">
        <metrics statements="0" coveredstatements="0" conditionals="0" coveredconditionals="0" methods="0" coveredmethods="0"/>
      </file>
    </package>
    <package name="src.screens.CalculatorScreen.components.TalentNode">
      <metrics statements="18" coveredstatements="18" conditionals="17" coveredconditionals="17" methods="5" coveredmethods="5"/>
      <file name="TalentNode.js" path="/Users/michaelsharpe/workspace/rune-mastery/src/screens/CalculatorScreen/components/TalentNode/TalentNode.js">
        <metrics statements="18" coveredstatements="18" conditionals="17" coveredconditionals="17" methods="5" coveredmethods="5"/>
        <line num="6" count="3" type="stmt"/>
        <line num="7" count="29" type="stmt"/>
        <line num="11" count="29" type="stmt"/>
        <line num="13" count="29" type="stmt"/>
        <line num="14" count="2" type="stmt"/>
        <line num="17" count="29" type="stmt"/>
        <line num="18" count="1" type="stmt"/>
        <line num="21" count="29" type="cond" truecount="2" falsecount="0"/>
        <line num="24" count="29" type="cond" truecount="3" falsecount="0"/>
        <line num="28" count="29" type="stmt"/>
        <line num="30" count="29" type="stmt"/>
        <line num="31" count="7" type="cond" truecount="5" falsecount="0"/>
        <line num="32" count="2" type="stmt"/>
        <line num="35" count="7" type="cond" truecount="5" falsecount="0"/>
        <line num="36" count="1" type="stmt"/>
        <line num="40" count="29" type="stmt"/>
        <line num="51" count="17" type="stmt"/>
        <line num="63" count="3" type="stmt"/>
      </file>
      <file name="index.js" path="/Users/michaelsharpe/workspace/rune-mastery/src/screens/CalculatorScreen/components/TalentNode/index.js">
        <metrics statements="0" coveredstatements="0" conditionals="0" coveredconditionals="0" methods="0" coveredmethods="0"/>
      </file>
    </package>
    <package name="src.store">
      <metrics statements="6" coveredstatements="4" conditionals="0" coveredconditionals="0" methods="0" coveredmethods="0"/>
      <file name="index.js" path="/Users/michaelsharpe/workspace/rune-mastery/src/store/index.js">
        <metrics statements="2" coveredstatements="0" conditionals="0" coveredconditionals="0" methods="0" coveredmethods="0"/>
        <line num="10" count="0" type="stmt"/>
        <line num="12" count="0" type="stmt"/>
      </file>
      <file name="reducers.js" path="/Users/michaelsharpe/workspace/rune-mastery/src/store/reducers.js">
        <metrics statements="0" coveredstatements="0" conditionals="0" coveredconditionals="0" methods="0" coveredmethods="0"/>
      </file>
      <file name="schema.js" path="/Users/michaelsharpe/workspace/rune-mastery/src/store/schema.js">
        <metrics statements="4" coveredstatements="4" conditionals="0" coveredconditionals="0" methods="0" coveredmethods="0"/>
        <line num="1" count="4" type="stmt"/>
        <line num="3" count="4" type="stmt"/>
        <line num="5" count="4" type="stmt"/>
        <line num="9" count="4" type="stmt"/>
      </file>
      <file name="selectors.js" path="/Users/michaelsharpe/workspace/rune-mastery/src/store/selectors.js">
        <metrics statements="0" coveredstatements="0" conditionals="0" coveredconditionals="0" methods="0" coveredmethods="0"/>
      </file>
    </package>
    <package name="src.store.calculator">
      <metrics statements="37" coveredstatements="37" conditionals="9" coveredconditionals="8" methods="21" coveredmethods="19"/>
      <file name="calculator.actions.js" path="/Users/michaelsharpe/workspace/rune-mastery/src/store/calculator/calculator.actions.js">
        <metrics statements="10" coveredstatements="10" conditionals="0" coveredconditionals="0" methods="7" coveredmethods="7"/>
        <line num="3" count="2" type="stmt"/>
        <line num="5" count="3" type="stmt"/>
        <line num="6" count="3" type="stmt"/>
        <line num="7" count="3" type="stmt"/>
        <line num="8" count="3" type="stmt"/>
        <line num="12" count="4" type="stmt"/>
        <line num="18" count="2" type="stmt"/>
        <line num="23" count="1" type="stmt"/>
        <line num="24" count="1" type="stmt"/>
        <line num="25" count="1" type="stmt"/>
      </file>
      <file name="calculator.reducers.js" path="/Users/michaelsharpe/workspace/rune-mastery/src/store/calculator/calculator.reducers.js">
        <metrics statements="10" coveredstatements="10" conditionals="7" coveredconditionals="7" methods="3" coveredmethods="3"/>
        <line num="5" count="1" type="cond" truecount="1" falsecount="0"/>
        <line num="6" count="11" type="cond" truecount="2" falsecount="0"/>
        <line num="8" count="4" type="stmt"/>
        <line num="14" count="7" type="stmt"/>
        <line num="18" count="1" type="cond" truecount="1" falsecount="0"/>
        <line num="19" count="11" type="cond" truecount="2" falsecount="0"/>
        <line num="21" count="4" type="stmt"/>
        <line num="26" count="7" type="stmt"/>
        <line num="30" count="1" type="cond" truecount="1" falsecount="0"/>
        <line num="31" count="11" type="stmt"/>
      </file>
      <file name="calculator.selectors.js" path="/Users/michaelsharpe/workspace/rune-mastery/src/store/calculator/calculator.selectors.js">
        <metrics statements="17" coveredstatements="17" conditionals="2" coveredconditionals="1" methods="11" coveredmethods="9"/>
        <line num="7" count="3" type="stmt"/>
        <line num="8" count="5" type="cond" truecount="1" falsecount="1"/>
        <line num="10" count="3" type="stmt"/>
        <line num="12" count="3" type="stmt"/>
        <line num="14" count="3" type="stmt"/>
        <line num="15" count="1" type="stmt"/>
        <line num="17" count="3" type="stmt"/>
        <line num="18" count="1" type="stmt"/>
        <line num="20" count="3" type="stmt"/>
        <line num="21" count="1" type="stmt"/>
        <line num="23" count="3" type="stmt"/>
        <line num="24" count="1" type="stmt"/>
        <line num="26" count="3" type="stmt"/>
        <line num="29" count="1" type="stmt"/>
        <line num="30" count="1" type="stmt"/>
        <line num="34" count="3" type="stmt"/>
        <line num="36" count="3" type="stmt"/>
      </file>
    </package>
  </project>
</coverage>
