{"/Users/michaelsharpe/workspace/rune-mastery/src/App.js": {"path":"/Users/michaelsharpe/workspace/rune-mastery/src/App.js","statementMap":{"0":{"start":{"line":8,"column":2},"end":{"line":12,"column":4}}},"fnMap":{"0":{"name":"App","decl":{"start":{"line":7,"column":9},"end":{"line":7,"column":12}},"loc":{"start":{"line":7,"column":15},"end":{"line":13,"column":1}},"line":7}},"branchMap":{},"s":{"0":0},"f":{"0":0},"b":{},"hash":"f4c0666986db398b10c13833646d474625a6250d"}
,"/Users/michaelsharpe/workspace/rune-mastery/src/api.js": {"path":"/Users/michaelsharpe/workspace/rune-mastery/src/api.js","statementMap":{"0":{"start":{"line":3,"column":12},"end":{"line":15,"column":1}},"1":{"start":{"line":5,"column":4},"end":{"line":5,"column":33}},"2":{"start":{"line":8,"column":20},"end":{"line":11,"column":5}},"3":{"start":{"line":13,"column":4},"end":{"line":13,"column":36}}},"fnMap":{"0":{"name":"(anonymous_0)","decl":{"start":{"line":4,"column":2},"end":{"line":4,"column":3}},"loc":{"start":{"line":4,"column":20},"end":{"line":6,"column":3}},"line":4},"1":{"name":"(anonymous_1)","decl":{"start":{"line":7,"column":2},"end":{"line":7,"column":3}},"loc":{"start":{"line":7,"column":32},"end":{"line":14,"column":3}},"line":7}},"branchMap":{},"s":{"0":0,"1":0,"2":0,"3":0},"f":{"0":0,"1":0},"b":{},"hash":"47b3bf9166567d0430ab546a0cfc6ec0256c29a1"}
,"/Users/michaelsharpe/workspace/rune-mastery/src/index.js": {"path":"/Users/michaelsharpe/workspace/rune-mastery/src/index.js","statementMap":{"0":{"start":{"line":6,"column":0},"end":{"line":11,"column":2}}},"fnMap":{},"branchMap":{},"s":{"0":0},"f":{},"b":{},"hash":"2bef005f60fbca040bc8a3d2022932fd44c1577c"}
,"/Users/michaelsharpe/workspace/rune-mastery/src/helpers/normalizeData.js": {"path":"/Users/michaelsharpe/workspace/rune-mastery/src/helpers/normalizeData.js","statementMap":{"0":{"start":{"line":5,"column":33},"end":{"line":7,"column":1}},"1":{"start":{"line":6,"column":2},"end":{"line":6,"column":39}},"2":{"start":{"line":9,"column":35},"end":{"line":11,"column":1}},"3":{"start":{"line":10,"column":2},"end":{"line":10,"column":37}},"4":{"start":{"line":13,"column":35},"end":{"line":15,"column":1}},"5":{"start":{"line":14,"column":2},"end":{"line":14,"column":49}}},"fnMap":{"0":{"name":"(anonymous_0)","decl":{"start":{"line":5,"column":33},"end":{"line":5,"column":34}},"loc":{"start":{"line":5,"column":41},"end":{"line":7,"column":1}},"line":5},"1":{"name":"(anonymous_1)","decl":{"start":{"line":9,"column":35},"end":{"line":9,"column":36}},"loc":{"start":{"line":9,"column":43},"end":{"line":11,"column":1}},"line":9},"2":{"name":"(anonymous_2)","decl":{"start":{"line":13,"column":35},"end":{"line":13,"column":36}},"loc":{"start":{"line":13,"column":55},"end":{"line":15,"column":1}},"line":13}},"branchMap":{},"s":{"0":2,"1":1,"2":2,"3":1,"4":2,"5":0},"f":{"0":1,"1":1,"2":0},"b":{},"_coverageSchema":"43e27e138ebf9cfc5966b082cf9a028302ed4184","hash":"a1d5688db8962b8f60ec6aa7130538626159eec2"}
,"/Users/michaelsharpe/workspace/rune-mastery/src/screens/CalculatorScreen/index.js": {"path":"/Users/michaelsharpe/workspace/rune-mastery/src/screens/CalculatorScreen/index.js","statementMap":{"0":{"start":{"line":6,"column":21},"end":{"line":12,"column":1}},"1":{"start":{"line":7,"column":2},"end":{"line":11,"column":5}}},"fnMap":{"0":{"name":"(anonymous_0)","decl":{"start":{"line":6,"column":21},"end":{"line":6,"column":22}},"loc":{"start":{"line":7,"column":2},"end":{"line":11,"column":5}},"line":7}},"branchMap":{},"s":{"0":0,"1":0},"f":{"0":0},"b":{},"hash":"78dad149ae3ac68646740c7be9c1cd8e1270627a"}
,"/Users/michaelsharpe/workspace/rune-mastery/src/screens/CalculatorScreen/components/TalentCounter.js": {"path":"/Users/michaelsharpe/workspace/rune-mastery/src/screens/CalculatorScreen/components/TalentCounter.js","statementMap":{"0":{"start":{"line":8,"column":29},"end":{"line":18,"column":1}},"1":{"start":{"line":9,"column":2},"end":{"line":17,"column":4}},"2":{"start":{"line":20,"column":24},"end":{"line":25,"column":1}},"3":{"start":{"line":21,"column":2},"end":{"line":24,"column":4}}},"fnMap":{"0":{"name":"(anonymous_0)","decl":{"start":{"line":8,"column":29},"end":{"line":8,"column":30}},"loc":{"start":{"line":8,"column":51},"end":{"line":18,"column":1}},"line":8},"1":{"name":"(anonymous_1)","decl":{"start":{"line":20,"column":24},"end":{"line":20,"column":25}},"loc":{"start":{"line":20,"column":33},"end":{"line":25,"column":1}},"line":20}},"branchMap":{},"s":{"0":1,"1":2,"2":1,"3":0},"f":{"0":2,"1":0},"b":{},"_coverageSchema":"43e27e138ebf9cfc5966b082cf9a028302ed4184","hash":"9986e9bf35ddbc752a76206401aca3f56f1288d6"}
,"/Users/michaelsharpe/workspace/rune-mastery/src/screens/CalculatorScreen/components/TalentTree.js": {"path":"/Users/michaelsharpe/workspace/rune-mastery/src/screens/CalculatorScreen/components/TalentTree.js","statementMap":{"0":{"start":{"line":5,"column":19},"end":{"line":20,"column":1}},"1":{"start":{"line":6,"column":2},"end":{"line":19,"column":4}},"2":{"start":{"line":11,"column":10},"end":{"line":16,"column":12}}},"fnMap":{"0":{"name":"(anonymous_0)","decl":{"start":{"line":5,"column":19},"end":{"line":5,"column":20}},"loc":{"start":{"line":5,"column":60},"end":{"line":20,"column":1}},"line":5},"1":{"name":"(anonymous_1)","decl":{"start":{"line":10,"column":31},"end":{"line":10,"column":32}},"loc":{"start":{"line":11,"column":10},"end":{"line":16,"column":12}},"line":11}},"branchMap":{"0":{"loc":{"start":{"line":9,"column":7},"end":{"line":17,"column":10}},"type":"binary-expr","locations":[{"start":{"line":9,"column":7},"end":{"line":9,"column":27}},{"start":{"line":10,"column":8},"end":{"line":17,"column":10}}],"line":9}},"s":{"0":2,"1":3,"2":3},"f":{"0":3,"1":3},"b":{"0":[3,3]},"_coverageSchema":"43e27e138ebf9cfc5966b082cf9a028302ed4184","hash":"37c804a999ab28f49c904fbee4b68da9de1b6a9a"}
,"/Users/michaelsharpe/workspace/rune-mastery/src/screens/CalculatorScreen/components/TalentTreeGroup.js": {"path":"/Users/michaelsharpe/workspace/rune-mastery/src/screens/CalculatorScreen/components/TalentTreeGroup.js","statementMap":{"0":{"start":{"line":16,"column":31},"end":{"line":34,"column":1}},"1":{"start":{"line":22,"column":2},"end":{"line":24,"column":24}},"2":{"start":{"line":23,"column":4},"end":{"line":23,"column":22}},"3":{"start":{"line":26,"column":2},"end":{"line":33,"column":5}},"4":{"start":{"line":27,"column":4},"end":{"line":32,"column":6}},"5":{"start":{"line":36,"column":24},"end":{"line":44,"column":1}},"6":{"start":{"line":37,"column":2},"end":{"line":43,"column":4}},"7":{"start":{"line":46,"column":27},"end":{"line":46,"column":58}}},"fnMap":{"0":{"name":"(anonymous_0)","decl":{"start":{"line":16,"column":31},"end":{"line":16,"column":32}},"loc":{"start":{"line":21,"column":6},"end":{"line":34,"column":1}},"line":21},"1":{"name":"(anonymous_1)","decl":{"start":{"line":22,"column":12},"end":{"line":22,"column":13}},"loc":{"start":{"line":22,"column":18},"end":{"line":24,"column":3}},"line":22},"2":{"name":"(anonymous_2)","decl":{"start":{"line":26,"column":25},"end":{"line":26,"column":26}},"loc":{"start":{"line":27,"column":4},"end":{"line":32,"column":6}},"line":27},"3":{"name":"(anonymous_3)","decl":{"start":{"line":36,"column":24},"end":{"line":36,"column":25}},"loc":{"start":{"line":36,"column":33},"end":{"line":44,"column":1}},"line":36}},"branchMap":{},"s":{"0":1,"1":2,"2":2,"3":2,"4":2,"5":1,"6":0,"7":1},"f":{"0":2,"1":2,"2":2,"3":0},"b":{},"_coverageSchema":"43e27e138ebf9cfc5966b082cf9a028302ed4184","hash":"5e1b5aab8c35a0aea0c8cc3c0b7db7aa601df883"}
,"/Users/michaelsharpe/workspace/rune-mastery/src/screens/CalculatorScreen/components/Icon/Icon.js": {"path":"/Users/michaelsharpe/workspace/rune-mastery/src/screens/CalculatorScreen/components/Icon/Icon.js","statementMap":{"0":{"start":{"line":6,"column":13},"end":{"line":15,"column":1}},"1":{"start":{"line":7,"column":19},"end":{"line":7,"column":49}},"2":{"start":{"line":8,"column":2},"end":{"line":14,"column":4}},"3":{"start":{"line":17,"column":0},"end":{"line":22,"column":2}},"4":{"start":{"line":24,"column":0},"end":{"line":26,"column":2}}},"fnMap":{"0":{"name":"(anonymous_0)","decl":{"start":{"line":6,"column":13},"end":{"line":6,"column":14}},"loc":{"start":{"line":6,"column":33},"end":{"line":15,"column":1}},"line":6}},"branchMap":{"0":{"loc":{"start":{"line":7,"column":19},"end":{"line":7,"column":49}},"type":"cond-expr","locations":[{"start":{"line":7,"column":28},"end":{"line":7,"column":36}},{"start":{"line":7,"column":39},"end":{"line":7,"column":49}}],"line":7}},"s":{"0":4,"1":41,"2":41,"3":4,"4":4},"f":{"0":41},"b":{"0":[6,35]},"_coverageSchema":"43e27e138ebf9cfc5966b082cf9a028302ed4184","hash":"c77dbd899e3ba979f8a14f8d6f032618b867fc69"}
,"/Users/michaelsharpe/workspace/rune-mastery/src/screens/CalculatorScreen/components/Icon/index.js": {"path":"/Users/michaelsharpe/workspace/rune-mastery/src/screens/CalculatorScreen/components/Icon/index.js","statementMap":{},"fnMap":{},"branchMap":{},"s":{},"f":{},"b":{},"_coverageSchema":"43e27e138ebf9cfc5966b082cf9a028302ed4184","hash":"5ce0b7675c152e3057d3166548f31ab20d09fedb"}
,"/Users/michaelsharpe/workspace/rune-mastery/src/screens/CalculatorScreen/components/TalentNode/TalentNode.js": {"path":"/Users/michaelsharpe/workspace/rune-mastery/src/screens/CalculatorScreen/components/TalentNode/TalentNode.js","statementMap":{"0":{"start":{"line":6,"column":19},"end":{"line":61,"column":1}},"1":{"start":{"line":7,"column":15},"end":{"line":9,"column":3}},"2":{"start":{"line":11,"column":21},"end":{"line":11,"column":27}},"3":{"start":{"line":13,"column":23},"end":{"line":15,"column":3}},"4":{"start":{"line":14,"column":4},"end":{"line":14,"column":43}},"5":{"start":{"line":17,"column":21},"end":{"line":19,"column":3}},"6":{"start":{"line":18,"column":4},"end":{"line":18,"column":44}},"7":{"start":{"line":21,"column":23},"end":{"line":21,"column":51}},"8":{"start":{"line":24,"column":4},"end":{"line":26,"column":31}},"9":{"start":{"line":28,"column":22},"end":{"line":28,"column":54}},"10":{"start":{"line":30,"column":18},"end":{"line":38,"column":3}},"11":{"start":{"line":31,"column":4},"end":{"line":33,"column":5}},"12":{"start":{"line":32,"column":6},"end":{"line":32,"column":21}},"13":{"start":{"line":35,"column":4},"end":{"line":37,"column":5}},"14":{"start":{"line":36,"column":6},"end":{"line":36,"column":19}},"15":{"start":{"line":40,"column":2},"end":{"line":60,"column":4}},"16":{"start":{"line":51,"column":10},"end":{"line":57,"column":12}},"17":{"start":{"line":63,"column":0},"end":{"line":68,"column":2}}},"fnMap":{"0":{"name":"(anonymous_0)","decl":{"start":{"line":6,"column":19},"end":{"line":6,"column":20}},"loc":{"start":{"line":6,"column":64},"end":{"line":61,"column":1}},"line":6},"1":{"name":"(anonymous_1)","decl":{"start":{"line":13,"column":23},"end":{"line":13,"column":24}},"loc":{"start":{"line":13,"column":29},"end":{"line":15,"column":3}},"line":13},"2":{"name":"(anonymous_2)","decl":{"start":{"line":17,"column":21},"end":{"line":17,"column":22}},"loc":{"start":{"line":17,"column":27},"end":{"line":19,"column":3}},"line":17},"3":{"name":"(anonymous_3)","decl":{"start":{"line":30,"column":18},"end":{"line":30,"column":19}},"loc":{"start":{"line":30,"column":27},"end":{"line":38,"column":3}},"line":30},"4":{"name":"(anonymous_4)","decl":{"start":{"line":50,"column":28},"end":{"line":50,"column":29}},"loc":{"start":{"line":51,"column":10},"end":{"line":57,"column":12}},"line":51}},"branchMap":{"0":{"loc":{"start":{"line":21,"column":23},"end":{"line":21,"column":51}},"type":"binary-expr","locations":[{"start":{"line":21,"column":23},"end":{"line":21,"column":31}},{"start":{"line":21,"column":35},"end":{"line":21,"column":51}}],"line":21},"1":{"loc":{"start":{"line":24,"column":4},"end":{"line":26,"column":31}},"type":"binary-expr","locations":[{"start":{"line":24,"column":4},"end":{"line":24,"column":21}},{"start":{"line":25,"column":4},"end":{"line":25,"column":28}},{"start":{"line":26,"column":4},"end":{"line":26,"column":31}}],"line":24},"2":{"loc":{"start":{"line":31,"column":4},"end":{"line":33,"column":5}},"type":"if","locations":[{"start":{"line":31,"column":4},"end":{"line":33,"column":5}},{"start":{"line":31,"column":4},"end":{"line":33,"column":5}}],"line":31},"3":{"loc":{"start":{"line":31,"column":8},"end":{"line":31,"column":50}},"type":"binary-expr","locations":[{"start":{"line":31,"column":8},"end":{"line":31,"column":21}},{"start":{"line":31,"column":25},"end":{"line":31,"column":37}},{"start":{"line":31,"column":41},"end":{"line":31,"column":50}}],"line":31},"4":{"loc":{"start":{"line":35,"column":4},"end":{"line":37,"column":5}},"type":"if","locations":[{"start":{"line":35,"column":4},"end":{"line":37,"column":5}},{"start":{"line":35,"column":4},"end":{"line":37,"column":5}}],"line":35},"5":{"loc":{"start":{"line":35,"column":8},"end":{"line":35,"column":49}},"type":"binary-expr","locations":[{"start":{"line":35,"column":8},"end":{"line":35,"column":20}},{"start":{"line":35,"column":24},"end":{"line":35,"column":37}},{"start":{"line":35,"column":41},"end":{"line":35,"column":49}}],"line":35},"6":{"loc":{"start":{"line":49,"column":7},"end":{"line":58,"column":10}},"type":"binary-expr","locations":[{"start":{"line":49,"column":7},"end":{"line":49,"column":24}},{"start":{"line":50,"column":8},"end":{"line":58,"column":10}}],"line":49}},"s":{"0":3,"1":29,"2":29,"3":29,"4":2,"5":29,"6":1,"7":29,"8":29,"9":29,"10":29,"11":7,"12":2,"13":7,"14":1,"15":29,"16":17,"17":3},"f":{"0":29,"1":2,"2":1,"3":7,"4":17},"b":{"0":[29,17],"1":[29,20,16],"2":[2,5],"3":[7,4,3],"4":[1,6],"5":[7,6,3],"6":[29,20]},"_coverageSchema":"43e27e138ebf9cfc5966b082cf9a028302ed4184","hash":"391bb417da0cd181f22eed7cec06438d00156b0e"}
,"/Users/michaelsharpe/workspace/rune-mastery/src/screens/CalculatorScreen/components/TalentNode/index.js": {"path":"/Users/michaelsharpe/workspace/rune-mastery/src/screens/CalculatorScreen/components/TalentNode/index.js","statementMap":{},"fnMap":{},"branchMap":{},"s":{},"f":{},"b":{},"_coverageSchema":"43e27e138ebf9cfc5966b082cf9a028302ed4184","hash":"f33bbe54cb822e6e8ecfbdb427c9e00dec91cf9c"}
,"/Users/michaelsharpe/workspace/rune-mastery/src/store/index.js": {"path":"/Users/michaelsharpe/workspace/rune-mastery/src/store/index.js","statementMap":{"0":{"start":{"line":10,"column":19},"end":{"line":10,"column":74}},"1":{"start":{"line":12,"column":14},"end":{"line":12,"column":79}}},"fnMap":{},"branchMap":{},"s":{"0":0,"1":0},"f":{},"b":{},"hash":"12704efbb87c73222bb07ddba8a71669449f0938"}
,"/Users/michaelsharpe/workspace/rune-mastery/src/store/reducers.js": {"path":"/Users/michaelsharpe/workspace/rune-mastery/src/store/reducers.js","statementMap":{},"fnMap":{},"branchMap":{},"s":{},"f":{},"b":{},"hash":"0f6d4484e1d30bd1296c44f29c9b3d2544ee0504"}
,"/Users/michaelsharpe/workspace/rune-mastery/src/store/schema.js": {"path":"/Users/michaelsharpe/workspace/rune-mastery/src/store/schema.js","statementMap":{"0":{"start":{"line":1,"column":17},"end":{"line":1,"column":37}},"1":{"start":{"line":3,"column":26},"end":{"line":3,"column":54}},"2":{"start":{"line":5,"column":0},"end":{"line":7,"column":3}},"3":{"start":{"line":9,"column":26},"end":{"line":11,"column":2}}},"fnMap":{},"branchMap":{},"s":{"0":4,"1":4,"2":4,"3":4},"f":{},"b":{},"_coverageSchema":"43e27e138ebf9cfc5966b082cf9a028302ed4184","hash":"65d0b27345b8a0984e3920c78b8c458b8fb85592"}
,"/Users/michaelsharpe/workspace/rune-mastery/src/store/selectors.js": {"path":"/Users/michaelsharpe/workspace/rune-mastery/src/store/selectors.js","statementMap":{},"fnMap":{},"branchMap":{},"s":{},"f":{},"b":{},"_coverageSchema":"43e27e138ebf9cfc5966b082cf9a028302ed4184","hash":"21df1f6d0a9359e1cdf3f14142e2d5094a495117"}
,"/Users/michaelsharpe/workspace/rune-mastery/src/store/calculator/calculator.actions.js": {"path":"/Users/michaelsharpe/workspace/rune-mastery/src/store/calculator/calculator.actions.js","statementMap":{"0":{"start":{"line":3,"column":28},"end":{"line":3,"column":42}},"1":{"start":{"line":5,"column":31},"end":{"line":10,"column":1}},"2":{"start":{"line":5,"column":37},"end":{"line":10,"column":1}},"3":{"start":{"line":6,"column":2},"end":{"line":9,"column":5}},"4":{"start":{"line":7,"column":17},"end":{"line":7,"column":57}},"5":{"start":{"line":8,"column":4},"end":{"line":8,"column":41}},"6":{"start":{"line":12,"column":27},"end":{"line":15,"column":2}},"7":{"start":{"line":12,"column":40},"end":{"line":15,"column":1}},"8":{"start":{"line":18,"column":28},"end":{"line":27,"column":1}},"9":{"start":{"line":18,"column":48},"end":{"line":27,"column":1}},"10":{"start":{"line":23,"column":2},"end":{"line":26,"column":5}},"11":{"start":{"line":24,"column":17},"end":{"line":24,"column":53}},"12":{"start":{"line":25,"column":4},"end":{"line":25,"column":41}}},"fnMap":{"0":{"name":"(anonymous_0)","decl":{"start":{"line":5,"column":31},"end":{"line":5,"column":32}},"loc":{"start":{"line":5,"column":37},"end":{"line":10,"column":1}},"line":5},"1":{"name":"(anonymous_1)","decl":{"start":{"line":5,"column":37},"end":{"line":5,"column":38}},"loc":{"start":{"line":5,"column":76},"end":{"line":10,"column":1}},"line":5},"2":{"name":"(anonymous_2)","decl":{"start":{"line":6,"column":29},"end":{"line":6,"column":30}},"loc":{"start":{"line":6,"column":41},"end":{"line":9,"column":3}},"line":6},"3":{"name":"(anonymous_3)","decl":{"start":{"line":12,"column":27},"end":{"line":12,"column":28}},"loc":{"start":{"line":12,"column":40},"end":{"line":15,"column":1}},"line":12},"4":{"name":"(anonymous_4)","decl":{"start":{"line":18,"column":28},"end":{"line":18,"column":29}},"loc":{"start":{"line":18,"column":48},"end":{"line":27,"column":1}},"line":18},"5":{"name":"(anonymous_5)","decl":{"start":{"line":18,"column":48},"end":{"line":18,"column":49}},"loc":{"start":{"line":22,"column":5},"end":{"line":27,"column":1}},"line":22},"6":{"name":"(anonymous_6)","decl":{"start":{"line":23,"column":40},"end":{"line":23,"column":41}},"loc":{"start":{"line":23,"column":50},"end":{"line":26,"column":3}},"line":23}},"branchMap":{},"s":{"0":2,"1":2,"2":3,"3":3,"4":3,"5":3,"6":2,"7":4,"8":2,"9":1,"10":1,"11":1,"12":1},"f":{"0":3,"1":3,"2":3,"3":4,"4":1,"5":1,"6":1},"b":{},"_coverageSchema":"43e27e138ebf9cfc5966b082cf9a028302ed4184","hash":"b7dfde4462ce61f91e243a71da8147404a619561"}
,"/Users/michaelsharpe/workspace/rune-mastery/src/store/calculator/calculator.reducers.js": {"path":"/Users/michaelsharpe/workspace/rune-mastery/src/store/calculator/calculator.reducers.js","statementMap":{"0":{"start":{"line":5,"column":20},"end":{"line":16,"column":1}},"1":{"start":{"line":6,"column":2},"end":{"line":15,"column":3}},"2":{"start":{"line":8,"column":6},"end":{"line":11,"column":8}},"3":{"start":{"line":14,"column":6},"end":{"line":14,"column":19}},"4":{"start":{"line":18,"column":16},"end":{"line":28,"column":1}},"5":{"start":{"line":19,"column":2},"end":{"line":27,"column":3}},"6":{"start":{"line":21,"column":6},"end":{"line":24,"column":8}},"7":{"start":{"line":26,"column":6},"end":{"line":26,"column":19}},"8":{"start":{"line":30,"column":16},"end":{"line":32,"column":1}},"9":{"start":{"line":31,"column":2},"end":{"line":31,"column":15}}},"fnMap":{"0":{"name":"(anonymous_0)","decl":{"start":{"line":5,"column":20},"end":{"line":5,"column":21}},"loc":{"start":{"line":5,"column":44},"end":{"line":16,"column":1}},"line":5},"1":{"name":"(anonymous_1)","decl":{"start":{"line":18,"column":16},"end":{"line":18,"column":17}},"loc":{"start":{"line":18,"column":40},"end":{"line":28,"column":1}},"line":18},"2":{"name":"(anonymous_2)","decl":{"start":{"line":30,"column":16},"end":{"line":30,"column":17}},"loc":{"start":{"line":30,"column":48},"end":{"line":32,"column":1}},"line":30}},"branchMap":{"0":{"loc":{"start":{"line":5,"column":21},"end":{"line":5,"column":31}},"type":"default-arg","locations":[{"start":{"line":5,"column":29},"end":{"line":5,"column":31}}],"line":5},"1":{"loc":{"start":{"line":6,"column":2},"end":{"line":15,"column":3}},"type":"switch","locations":[{"start":{"line":7,"column":4},"end":{"line":11,"column":8}},{"start":{"line":13,"column":4},"end":{"line":14,"column":19}}],"line":6},"2":{"loc":{"start":{"line":18,"column":17},"end":{"line":18,"column":27}},"type":"default-arg","locations":[{"start":{"line":18,"column":25},"end":{"line":18,"column":27}}],"line":18},"3":{"loc":{"start":{"line":19,"column":2},"end":{"line":27,"column":3}},"type":"switch","locations":[{"start":{"line":20,"column":4},"end":{"line":24,"column":8}},{"start":{"line":25,"column":4},"end":{"line":26,"column":19}}],"line":19},"4":{"loc":{"start":{"line":30,"column":17},"end":{"line":30,"column":35}},"type":"default-arg","locations":[{"start":{"line":30,"column":25},"end":{"line":30,"column":35}}],"line":30}},"s":{"0":1,"1":11,"2":4,"3":7,"4":1,"5":11,"6":4,"7":7,"8":1,"9":11},"f":{"0":11,"1":11,"2":11},"b":{"0":[2],"1":[4,7],"2":[2],"3":[4,7],"4":[7]},"_coverageSchema":"43e27e138ebf9cfc5966b082cf9a028302ed4184","hash":"028f16931992aacde2e20b27711ee17ea9f1da39"}
,"/Users/michaelsharpe/workspace/rune-mastery/src/store/calculator/calculator.selectors.js": {"path":"/Users/michaelsharpe/workspace/rune-mastery/src/store/calculator/calculator.selectors.js","statementMap":{"0":{"start":{"line":7,"column":32},"end":{"line":8,"column":45}},"1":{"start":{"line":8,"column":2},"end":{"line":8,"column":45}},"2":{"start":{"line":10,"column":29},"end":{"line":10,"column":69}},"3":{"start":{"line":10,"column":38},"end":{"line":10,"column":69}},"4":{"start":{"line":12,"column":34},"end":{"line":12,"column":69}},"5":{"start":{"line":12,"column":43},"end":{"line":12,"column":69}},"6":{"start":{"line":14,"column":43},"end":{"line":15,"column":37}},"7":{"start":{"line":15,"column":2},"end":{"line":15,"column":37}},"8":{"start":{"line":17,"column":43},"end":{"line":18,"column":33}},"9":{"start":{"line":18,"column":2},"end":{"line":18,"column":33}},"10":{"start":{"line":20,"column":28},"end":{"line":21,"column":61}},"11":{"start":{"line":21,"column":2},"end":{"line":21,"column":61}},"12":{"start":{"line":23,"column":32},"end":{"line":24,"column":61}},"13":{"start":{"line":24,"column":2},"end":{"line":24,"column":61}},"14":{"start":{"line":26,"column":36},"end":{"line":32,"column":1}},"15":{"start":{"line":29,"column":4},"end":{"line":31,"column":5}},"16":{"start":{"line":30,"column":6},"end":{"line":30,"column":43}},"17":{"start":{"line":34,"column":37},"end":{"line":37,"column":1}},"18":{"start":{"line":36,"column":17},"end":{"line":36,"column":73}},"19":{"start":{"line":36,"column":59},"end":{"line":36,"column":72}}},"fnMap":{"0":{"name":"(anonymous_0)","decl":{"start":{"line":7,"column":32},"end":{"line":7,"column":33}},"loc":{"start":{"line":8,"column":2},"end":{"line":8,"column":45}},"line":8},"1":{"name":"(anonymous_1)","decl":{"start":{"line":10,"column":29},"end":{"line":10,"column":30}},"loc":{"start":{"line":10,"column":38},"end":{"line":10,"column":69}},"line":10},"2":{"name":"(anonymous_2)","decl":{"start":{"line":12,"column":34},"end":{"line":12,"column":35}},"loc":{"start":{"line":12,"column":43},"end":{"line":12,"column":69}},"line":12},"3":{"name":"(anonymous_3)","decl":{"start":{"line":14,"column":43},"end":{"line":14,"column":44}},"loc":{"start":{"line":15,"column":2},"end":{"line":15,"column":37}},"line":15},"4":{"name":"(anonymous_4)","decl":{"start":{"line":17,"column":43},"end":{"line":17,"column":44}},"loc":{"start":{"line":18,"column":2},"end":{"line":18,"column":33}},"line":18},"5":{"name":"(anonymous_5)","decl":{"start":{"line":20,"column":28},"end":{"line":20,"column":29}},"loc":{"start":{"line":21,"column":2},"end":{"line":21,"column":61}},"line":21},"6":{"name":"(anonymous_6)","decl":{"start":{"line":23,"column":32},"end":{"line":23,"column":33}},"loc":{"start":{"line":24,"column":2},"end":{"line":24,"column":61}},"line":24},"7":{"name":"(anonymous_7)","decl":{"start":{"line":28,"column":2},"end":{"line":28,"column":3}},"loc":{"start":{"line":29,"column":4},"end":{"line":31,"column":5}},"line":29},"8":{"name":"(anonymous_8)","decl":{"start":{"line":29,"column":45},"end":{"line":29,"column":46}},"loc":{"start":{"line":30,"column":6},"end":{"line":30,"column":43}},"line":30},"9":{"name":"(anonymous_9)","decl":{"start":{"line":36,"column":2},"end":{"line":36,"column":3}},"loc":{"start":{"line":36,"column":17},"end":{"line":36,"column":73}},"line":36},"10":{"name":"(anonymous_10)","decl":{"start":{"line":36,"column":51},"end":{"line":36,"column":52}},"loc":{"start":{"line":36,"column":59},"end":{"line":36,"column":72}},"line":36}},"branchMap":{"0":{"loc":{"start":{"line":8,"column":2},"end":{"line":8,"column":45}},"type":"cond-expr","locations":[{"start":{"line":8,"column":21},"end":{"line":8,"column":37}},{"start":{"line":8,"column":40},"end":{"line":8,"column":45}}],"line":8}},"s":{"0":3,"1":5,"2":3,"3":0,"4":3,"5":0,"6":3,"7":1,"8":3,"9":1,"10":3,"11":1,"12":3,"13":1,"14":3,"15":1,"16":1,"17":3,"18":1,"19":3},"f":{"0":5,"1":0,"2":0,"3":1,"4":1,"5":1,"6":1,"7":1,"8":1,"9":1,"10":3},"b":{"0":[0,5]},"_coverageSchema":"43e27e138ebf9cfc5966b082cf9a028302ed4184","hash":"e65bab094823d44031f30ed858a6c2cb389a67b4"}
}
