TN:
SF:/Users/michaelsharpe/workspace/rune-mastery/src/App.js
FN:7,App
FNF:1
FNH:0
FNDA:0,App
DA:8,0
LF:1
LH:0
BRF:0
BRH:0
end_of_record
TN:
SF:/Users/michaelsharpe/workspace/rune-mastery/src/api.js
FN:4,(anonymous_0)
FN:7,(anonymous_1)
FNF:2
FNH:0
FNDA:0,(anonymous_0)
FNDA:0,(anonymous_1)
DA:3,0
DA:5,0
DA:8,0
DA:13,0
LF:4
LH:0
BRF:0
BRH:0
end_of_record
TN:
SF:/Users/michaelsharpe/workspace/rune-mastery/src/index.js
FNF:0
FNH:0
DA:6,0
LF:1
LH:0
BRF:0
BRH:0
end_of_record
TN:
SF:/Users/michaelsharpe/workspace/rune-mastery/src/Helpers/normalizeData.js
FN:5,(anonymous_0)
FN:9,(anonymous_1)
FN:13,(anonymous_2)
FNF:3
FNH:2
FNDA:1,(anonymous_0)
FNDA:1,(anonymous_1)
FNDA:0,(anonymous_2)
DA:5,2
DA:6,1
DA:9,2
DA:10,1
DA:13,2
DA:14,0
LF:6
LH:5
BRF:0
BRH:0
end_of_record
TN:
SF:/Users/michaelsharpe/workspace/rune-mastery/src/Screens/CalculatorScreen/index.js
FN:8,(anonymous_0)
FN:9,getSize
FN:18,(anonymous_2)
FN:19,handleResize
FN:24,(anonymous_4)
FNF:5
FNH:0
FNDA:0,(anonymous_0)
FNDA:0,getSize
FNDA:0,(anonymous_2)
FNDA:0,handleResize
FNDA:0,(anonymous_4)
DA:8,0
DA:10,0
DA:16,0
DA:18,0
DA:20,0
DA:23,0
DA:24,0
DA:27,0
LF:8
LH:0
BRDA:32,0,0,0
BRDA:32,0,1,0
BRDA:42,1,0,0
BRDA:42,1,1,0
BRF:4
BRH:0
end_of_record
TN:
SF:/Users/michaelsharpe/workspace/rune-mastery/src/Screens/CalculatorScreen/components/Icon/Icon.js
FN:6,(anonymous_0)
FNF:1
FNH:1
FNDA:44,(anonymous_0)
DA:6,4
DA:7,44
DA:8,44
DA:19,4
DA:26,4
LF:5
LH:5
BRDA:7,0,0,9
BRDA:7,0,1,35
BRDA:9,1,0,9
BRDA:9,1,1,35
BRF:4
BRH:4
end_of_record
TN:
SF:/Users/michaelsharpe/workspace/rune-mastery/src/Screens/CalculatorScreen/components/Icon/index.js
FNF:0
FNH:0
LF:0
LH:0
BRF:0
BRH:0
end_of_record
TN:
SF:/Users/michaelsharpe/workspace/rune-mastery/src/Screens/CalculatorScreen/components/ProgressBar/ProgressBar.js
FN:5,(anonymous_0)
FN:8,(anonymous_1)
FNF:2
FNH:2
FNDA:40,(anonymous_0)
FNDA:20,(anonymous_1)
DA:5,4
DA:6,40
DA:8,40
DA:9,20
DA:12,40
LF:5
LH:5
BRF:0
BRH:0
end_of_record
TN:
SF:/Users/michaelsharpe/workspace/rune-mastery/src/Screens/CalculatorScreen/components/ProgressBar/index.js
FNF:0
FNH:0
LF:0
LH:0
BRF:0
BRH:0
end_of_record
TN:
SF:/Users/michaelsharpe/workspace/rune-mastery/src/Screens/CalculatorScreen/components/TalentCounter/TalentCounter.js
FN:8,(anonymous_0)
FN:20,(anonymous_1)
FNF:2
FNH:1
FNDA:2,(anonymous_0)
FNDA:0,(anonymous_1)
DA:8,1
DA:9,2
DA:20,1
DA:21,0
LF:4
LH:3
BRF:0
BRH:0
end_of_record
TN:
SF:/Users/michaelsharpe/workspace/rune-mastery/src/Screens/CalculatorScreen/components/TalentCounter/index.js
FNF:0
FNH:0
LF:0
LH:0
BRF:0
BRH:0
end_of_record
TN:
SF:/Users/michaelsharpe/workspace/rune-mastery/src/Screens/CalculatorScreen/components/TalentNode/TalentNode.js
FN:7,(anonymous_0)
FN:14,(anonymous_1)
FN:18,(anonymous_2)
FN:31,(anonymous_3)
FN:60,(anonymous_4)
FNF:5
FNH:5
FNDA:32,(anonymous_0)
FNDA:2,(anonymous_1)
FNDA:1,(anonymous_2)
FNDA:7,(anonymous_3)
FNDA:18,(anonymous_4)
DA:7,3
DA:8,32
DA:12,32
DA:14,32
DA:15,2
DA:18,32
DA:19,1
DA:22,32
DA:25,32
DA:29,32
DA:31,32
DA:32,7
DA:33,2
DA:36,7
DA:37,1
DA:41,32
DA:61,18
DA:73,3
LF:18
LH:18
BRDA:22,0,0,32
BRDA:22,0,1,18
BRDA:25,1,0,32
BRDA:25,1,1,32
BRDA:25,1,2,17
BRDA:32,2,0,2
BRDA:32,2,1,5
BRDA:32,3,0,7
BRDA:32,3,1,4
BRDA:32,3,2,3
BRDA:36,4,0,1
BRDA:36,4,1,6
BRDA:36,5,0,7
BRDA:36,5,1,6
BRDA:36,5,2,3
BRDA:48,6,0,8
BRDA:48,6,1,24
BRDA:53,7,0,32
BRDA:53,7,1,17
BRDA:55,8,0,14
BRDA:55,8,1,3
BRDA:59,9,0,32
BRDA:59,9,1,32
BRF:23
BRH:23
end_of_record
TN:
SF:/Users/michaelsharpe/workspace/rune-mastery/src/Screens/CalculatorScreen/components/TalentNode/index.js
FNF:0
FNH:0
LF:0
LH:0
BRF:0
BRH:0
end_of_record
TN:
SF:/Users/michaelsharpe/workspace/rune-mastery/src/Screens/CalculatorScreen/components/TalentTree/TalentTree.js
FN:7,(anonymous_0)
FN:14,(anonymous_1)
FNF:2
FNH:2
FNDA:3,(anonymous_0)
FNDA:3,(anonymous_1)
DA:7,2
DA:8,3
DA:15,3
LF:3
LH:3
BRDA:13,0,0,3
BRDA:13,0,1,3
BRF:2
BRH:2
end_of_record
TN:
SF:/Users/michaelsharpe/workspace/rune-mastery/src/Screens/CalculatorScreen/components/TalentTree/index.js
FNF:0
FNH:0
LF:0
LH:0
BRF:0
BRH:0
end_of_record
TN:
SF:/Users/michaelsharpe/workspace/rune-mastery/src/Screens/CalculatorScreen/components/TalentTreeGroup/TalentTreeGroup.js
FN:18,(anonymous_0)
FN:24,(anonymous_1)
FN:28,(anonymous_2)
FN:38,(anonymous_3)
FNF:4
FNH:3
FNDA:2,(anonymous_0)
FNDA:2,(anonymous_1)
FNDA:2,(anonymous_2)
FNDA:0,(anonymous_3)
DA:18,1
DA:24,2
DA:25,2
DA:28,2
DA:29,2
DA:38,1
DA:39,0
DA:48,1
LF:8
LH:7
BRF:0
BRH:0
end_of_record
TN:
SF:/Users/michaelsharpe/workspace/rune-mastery/src/Screens/CalculatorScreen/components/TalentTreeGroup/index.js
FNF:0
FNH:0
LF:0
LH:0
BRF:0
BRH:0
end_of_record
TN:
SF:/Users/michaelsharpe/workspace/rune-mastery/src/Store/index.js
FNF:0
FNH:0
DA:10,0
DA:12,0
LF:2
LH:0
BRF:0
BRH:0
end_of_record
TN:
SF:/Users/michaelsharpe/workspace/rune-mastery/src/Store/reducers.js
FNF:0
FNH:0
LF:0
LH:0
BRF:0
BRH:0
end_of_record
TN:
SF:/Users/michaelsharpe/workspace/rune-mastery/src/Store/schema.js
FNF:0
FNH:0
DA:1,4
DA:3,4
DA:5,4
DA:9,4
LF:4
LH:4
BRF:0
BRH:0
end_of_record
TN:
SF:/Users/michaelsharpe/workspace/rune-mastery/src/Store/selectors.js
FNF:0
FNH:0
LF:0
LH:0
BRF:0
BRH:0
end_of_record
TN:
SF:/Users/michaelsharpe/workspace/rune-mastery/src/Store/calculator/calculator.actions.js
FN:5,(anonymous_0)
FN:5,(anonymous_1)
FN:6,(anonymous_2)
FN:12,(anonymous_3)
FN:18,(anonymous_4)
FN:18,(anonymous_5)
FN:23,(anonymous_6)
FNF:7
FNH:7
FNDA:3,(anonymous_0)
FNDA:3,(anonymous_1)
FNDA:3,(anonymous_2)
FNDA:4,(anonymous_3)
FNDA:1,(anonymous_4)
FNDA:1,(anonymous_5)
FNDA:1,(anonymous_6)
DA:3,2
DA:5,3
DA:6,3
DA:7,3
DA:8,3
DA:12,4
DA:18,2
DA:23,1
DA:24,1
DA:25,1
LF:10
LH:10
BRF:0
BRH:0
end_of_record
TN:
SF:/Users/michaelsharpe/workspace/rune-mastery/src/Store/calculator/calculator.reducers.js
FN:5,(anonymous_0)
FN:18,(anonymous_1)
FN:30,(anonymous_2)
FNF:3
FNH:3
FNDA:11,(anonymous_0)
FNDA:11,(anonymous_1)
FNDA:11,(anonymous_2)
DA:5,1
DA:6,11
DA:8,4
DA:14,7
DA:18,1
DA:19,11
DA:21,4
DA:26,7
DA:30,1
DA:31,11
LF:10
LH:10
BRDA:5,0,0,2
BRDA:6,1,0,4
BRDA:6,1,1,7
BRDA:18,2,0,2
BRDA:19,3,0,4
BRDA:19,3,1,7
BRDA:30,4,0,7
BRF:7
BRH:7
end_of_record
TN:
SF:/Users/michaelsharpe/workspace/rune-mastery/src/Store/calculator/calculator.selectors.js
FN:7,(anonymous_0)
FN:10,(anonymous_1)
FN:12,(anonymous_2)
FN:14,(anonymous_3)
FN:17,(anonymous_4)
FN:20,(anonymous_5)
FN:23,(anonymous_6)
FN:28,(anonymous_7)
FN:29,(anonymous_8)
FN:36,(anonymous_9)
FN:36,(anonymous_10)
FNF:11
FNH:9
FNDA:5,(anonymous_0)
FNDA:0,(anonymous_1)
FNDA:0,(anonymous_2)
FNDA:1,(anonymous_3)
FNDA:1,(anonymous_4)
FNDA:1,(anonymous_5)
FNDA:1,(anonymous_6)
FNDA:1,(anonymous_7)
FNDA:1,(anonymous_8)
FNDA:1,(anonymous_9)
FNDA:3,(anonymous_10)
DA:7,3
DA:8,5
DA:10,3
DA:12,3
DA:14,3
DA:15,1
DA:17,3
DA:18,1
DA:20,3
DA:21,1
DA:23,3
DA:24,1
DA:26,3
DA:29,1
DA:30,1
DA:34,3
DA:36,3
LF:17
LH:17
BRDA:8,0,0,0
BRDA:8,0,1,5
BRF:2
BRH:1
end_of_record
