TN:
SF:/Users/michaelsharpe/workspace/rune-mastery/src/App.js
FN:7,App
FNF:1
FNH:0
FNDA:0,App
DA:8,0
LF:1
LH:0
BRF:0
BRH:0
end_of_record
TN:
SF:/Users/michaelsharpe/workspace/rune-mastery/src/api.js
FN:4,(anonymous_0)
FN:7,(anonymous_1)
FNF:2
FNH:0
FNDA:0,(anonymous_0)
FNDA:0,(anonymous_1)
DA:3,0
DA:5,0
DA:8,0
DA:13,0
LF:4
LH:0
BRF:0
BRH:0
end_of_record
TN:
SF:/Users/michaelsharpe/workspace/rune-mastery/src/index.js
FNF:0
FNH:0
DA:6,0
LF:1
LH:0
BRF:0
BRH:0
end_of_record
TN:
SF:/Users/michaelsharpe/workspace/rune-mastery/src/helpers/normalizeData.js
FN:5,(anonymous_0)
FN:9,(anonymous_1)
FN:13,(anonymous_2)
FNF:3
FNH:2
FNDA:1,(anonymous_0)
FNDA:1,(anonymous_1)
FNDA:0,(anonymous_2)
DA:5,2
DA:6,1
DA:9,2
DA:10,1
DA:13,2
DA:14,0
LF:6
LH:5
BRF:0
BRH:0
end_of_record
TN:
SF:/Users/michaelsharpe/workspace/rune-mastery/src/screens/CalculatorScreen/index.js
FN:6,(anonymous_0)
FNF:1
FNH:0
FNDA:0,(anonymous_0)
DA:6,0
DA:7,0
LF:2
LH:0
BRF:0
BRH:0
end_of_record
TN:
SF:/Users/michaelsharpe/workspace/rune-mastery/src/screens/CalculatorScreen/components/TalentCounter.js
FN:8,(anonymous_0)
FN:20,(anonymous_1)
FNF:2
FNH:1
FNDA:2,(anonymous_0)
FNDA:0,(anonymous_1)
DA:8,1
DA:9,2
DA:20,1
DA:21,0
LF:4
LH:3
BRF:0
BRH:0
end_of_record
TN:
SF:/Users/michaelsharpe/workspace/rune-mastery/src/screens/CalculatorScreen/components/TalentTree.js
FN:5,(anonymous_0)
FN:10,(anonymous_1)
FNF:2
FNH:2
FNDA:3,(anonymous_0)
FNDA:3,(anonymous_1)
DA:5,2
DA:6,3
DA:11,3
LF:3
LH:3
BRDA:9,0,0,3
BRDA:9,0,1,3
BRF:2
BRH:2
end_of_record
TN:
SF:/Users/michaelsharpe/workspace/rune-mastery/src/screens/CalculatorScreen/components/TalentTreeGroup.js
FN:16,(anonymous_0)
FN:22,(anonymous_1)
FN:26,(anonymous_2)
FN:36,(anonymous_3)
FNF:4
FNH:3
FNDA:2,(anonymous_0)
FNDA:2,(anonymous_1)
FNDA:2,(anonymous_2)
FNDA:0,(anonymous_3)
DA:16,1
DA:22,2
DA:23,2
DA:26,2
DA:27,2
DA:36,1
DA:37,0
DA:46,1
LF:8
LH:7
BRF:0
BRH:0
end_of_record
TN:
SF:/Users/michaelsharpe/workspace/rune-mastery/src/screens/CalculatorScreen/components/Icon/Icon.js
FN:6,(anonymous_0)
FNF:1
FNH:1
FNDA:41,(anonymous_0)
DA:6,4
DA:7,41
DA:8,41
DA:17,4
DA:24,4
LF:5
LH:5
BRDA:7,0,0,6
BRDA:7,0,1,35
BRF:2
BRH:2
end_of_record
TN:
SF:/Users/michaelsharpe/workspace/rune-mastery/src/screens/CalculatorScreen/components/Icon/index.js
FNF:0
FNH:0
LF:0
LH:0
BRF:0
BRH:0
end_of_record
TN:
SF:/Users/michaelsharpe/workspace/rune-mastery/src/screens/CalculatorScreen/components/TalentNode/TalentNode.js
FN:6,(anonymous_0)
FN:13,(anonymous_1)
FN:17,(anonymous_2)
FN:30,(anonymous_3)
FN:50,(anonymous_4)
FNF:5
FNH:5
FNDA:29,(anonymous_0)
FNDA:2,(anonymous_1)
FNDA:1,(anonymous_2)
FNDA:7,(anonymous_3)
FNDA:17,(anonymous_4)
DA:6,3
DA:7,29
DA:11,29
DA:13,29
DA:14,2
DA:17,29
DA:18,1
DA:21,29
DA:24,29
DA:28,29
DA:30,29
DA:31,7
DA:32,2
DA:35,7
DA:36,1
DA:40,29
DA:51,17
DA:63,3
LF:18
LH:18
BRDA:21,0,0,29
BRDA:21,0,1,17
BRDA:24,1,0,29
BRDA:24,1,1,20
BRDA:24,1,2,16
BRDA:31,2,0,2
BRDA:31,2,1,5
BRDA:31,3,0,7
BRDA:31,3,1,4
BRDA:31,3,2,3
BRDA:35,4,0,1
BRDA:35,4,1,6
BRDA:35,5,0,7
BRDA:35,5,1,6
BRDA:35,5,2,3
BRDA:49,6,0,29
BRDA:49,6,1,20
BRF:17
BRH:17
end_of_record
TN:
SF:/Users/michaelsharpe/workspace/rune-mastery/src/screens/CalculatorScreen/components/TalentNode/index.js
FNF:0
FNH:0
LF:0
LH:0
BRF:0
BRH:0
end_of_record
TN:
SF:/Users/michaelsharpe/workspace/rune-mastery/src/store/index.js
FNF:0
FNH:0
DA:10,0
DA:12,0
LF:2
LH:0
BRF:0
BRH:0
end_of_record
TN:
SF:/Users/michaelsharpe/workspace/rune-mastery/src/store/reducers.js
FNF:0
FNH:0
LF:0
LH:0
BRF:0
BRH:0
end_of_record
TN:
SF:/Users/michaelsharpe/workspace/rune-mastery/src/store/schema.js
FNF:0
FNH:0
DA:1,4
DA:3,4
DA:5,4
DA:9,4
LF:4
LH:4
BRF:0
BRH:0
end_of_record
TN:
SF:/Users/michaelsharpe/workspace/rune-mastery/src/store/selectors.js
FNF:0
FNH:0
LF:0
LH:0
BRF:0
BRH:0
end_of_record
TN:
SF:/Users/michaelsharpe/workspace/rune-mastery/src/store/calculator/calculator.actions.js
FN:5,(anonymous_0)
FN:5,(anonymous_1)
FN:6,(anonymous_2)
FN:12,(anonymous_3)
FN:18,(anonymous_4)
FN:18,(anonymous_5)
FN:23,(anonymous_6)
FNF:7
FNH:7
FNDA:3,(anonymous_0)
FNDA:3,(anonymous_1)
FNDA:3,(anonymous_2)
FNDA:4,(anonymous_3)
FNDA:1,(anonymous_4)
FNDA:1,(anonymous_5)
FNDA:1,(anonymous_6)
DA:3,2
DA:5,3
DA:6,3
DA:7,3
DA:8,3
DA:12,4
DA:18,2
DA:23,1
DA:24,1
DA:25,1
LF:10
LH:10
BRF:0
BRH:0
end_of_record
TN:
SF:/Users/michaelsharpe/workspace/rune-mastery/src/store/calculator/calculator.reducers.js
FN:5,(anonymous_0)
FN:18,(anonymous_1)
FN:30,(anonymous_2)
FNF:3
FNH:3
FNDA:11,(anonymous_0)
FNDA:11,(anonymous_1)
FNDA:11,(anonymous_2)
DA:5,1
DA:6,11
DA:8,4
DA:14,7
DA:18,1
DA:19,11
DA:21,4
DA:26,7
DA:30,1
DA:31,11
LF:10
LH:10
BRDA:5,0,0,2
BRDA:6,1,0,4
BRDA:6,1,1,7
BRDA:18,2,0,2
BRDA:19,3,0,4
BRDA:19,3,1,7
BRDA:30,4,0,7
BRF:7
BRH:7
end_of_record
TN:
SF:/Users/michaelsharpe/workspace/rune-mastery/src/store/calculator/calculator.selectors.js
FN:7,(anonymous_0)
FN:10,(anonymous_1)
FN:12,(anonymous_2)
FN:14,(anonymous_3)
FN:17,(anonymous_4)
FN:20,(anonymous_5)
FN:23,(anonymous_6)
FN:28,(anonymous_7)
FN:29,(anonymous_8)
FN:36,(anonymous_9)
FN:36,(anonymous_10)
FNF:11
FNH:9
FNDA:5,(anonymous_0)
FNDA:0,(anonymous_1)
FNDA:0,(anonymous_2)
FNDA:1,(anonymous_3)
FNDA:1,(anonymous_4)
FNDA:1,(anonymous_5)
FNDA:1,(anonymous_6)
FNDA:1,(anonymous_7)
FNDA:1,(anonymous_8)
FNDA:1,(anonymous_9)
FNDA:3,(anonymous_10)
DA:7,3
DA:8,5
DA:10,3
DA:12,3
DA:14,3
DA:15,1
DA:17,3
DA:18,1
DA:20,3
DA:21,1
DA:23,3
DA:24,1
DA:26,3
DA:29,1
DA:30,1
DA:34,3
DA:36,3
LF:17
LH:17
BRDA:8,0,0,0
BRDA:8,0,1,5
BRF:2
BRH:1
end_of_record
